2023-07-28T09:32:36.601+02:00  INFO 8128 --- [main] t.s.s.SeoWebAnalyzerApplicationKt        : Starting SeoWebAnalyzerApplicationKt using Java 20.0.1 with PID 8128 (C:\Users\tinat\OneDrive\Documentos\Panacea\seoWebAnalyzer\build\classes\kotlin\main started by tinat in C:\Users\tinat\OneDrive\Documentos\Panacea\seoWebAnalyzer)
2023-07-28T09:32:36.613+02:00  INFO 8128 --- [main] t.s.s.SeoWebAnalyzerApplicationKt        : No active profile set, falling back to 1 default profile: "default"
2023-07-28T09:32:37.847+02:00  INFO 8128 --- [main] .s.d.r.c.RepositoryConfigurationDelegate : Bootstrapping Spring Data JPA repositories in DEFAULT mode.
2023-07-28T09:32:37.931+02:00  INFO 8128 --- [main] .s.d.r.c.RepositoryConfigurationDelegate : Finished Spring Data repository scanning in 72 ms. Found 1 JPA repository interfaces.
2023-07-28T09:32:38.837+02:00  INFO 8128 --- [main] o.s.b.w.embedded.tomcat.TomcatWebServer  : Tomcat initialized with port(s): 8080 (http)
2023-07-28T09:32:38.851+02:00  INFO 8128 --- [main] o.apache.catalina.core.StandardService   : Starting service [Tomcat]
2023-07-28T09:32:38.851+02:00  INFO 8128 --- [main] o.apache.catalina.core.StandardEngine    : Starting Servlet engine: [Apache Tomcat/10.1.11]
2023-07-28T09:32:38.982+02:00  INFO 8128 --- [main] o.a.c.c.C.[Tomcat].[localhost].[/]       : Initializing Spring embedded WebApplicationContext
2023-07-28T09:32:38.982+02:00  INFO 8128 --- [main] w.s.c.ServletWebServerApplicationContext : Root WebApplicationContext: initialization completed in 2252 ms
2023-07-28T09:32:39.300+02:00  INFO 8128 --- [main] o.hibernate.jpa.internal.util.LogHelper  : HHH000204: Processing PersistenceUnitInfo [name: default]
2023-07-28T09:32:39.407+02:00  INFO 8128 --- [main] org.hibernate.Version                    : HHH000412: Hibernate ORM core version 6.2.6.Final
2023-07-28T09:32:39.410+02:00  INFO 8128 --- [main] org.hibernate.cfg.Environment            : HHH000406: Using bytecode reflection optimizer
2023-07-28T09:32:39.673+02:00  INFO 8128 --- [main] o.h.b.i.BytecodeProviderInitiator        : HHH000021: Bytecode provider name : bytebuddy
2023-07-28T09:32:39.927+02:00  INFO 8128 --- [main] o.s.o.j.p.SpringPersistenceUnitInfo      : No LoadTimeWeaver setup: ignoring JPA class transformer
2023-07-28T09:32:39.958+02:00  INFO 8128 --- [main] com.zaxxer.hikari.HikariDataSource       : HikariPool-1 - Starting...
2023-07-28T09:32:40.465+02:00  INFO 8128 --- [main] com.zaxxer.hikari.pool.HikariPool        : HikariPool-1 - Added connection com.mysql.cj.jdbc.ConnectionImpl@2120bed
2023-07-28T09:32:40.467+02:00  INFO 8128 --- [main] com.zaxxer.hikari.HikariDataSource       : HikariPool-1 - Start completed.
2023-07-28T09:32:40.538+02:00  WARN 8128 --- [main] org.hibernate.orm.deprecation            : HHH90000026: MySQL57Dialect has been deprecated; use org.hibernate.dialect.MySQLDialect instead
2023-07-28T09:32:40.950+02:00  INFO 8128 --- [main] o.h.b.i.BytecodeProviderInitiator        : HHH000021: Bytecode provider name : bytebuddy
2023-07-28T09:32:41.745+02:00  INFO 8128 --- [main] o.h.e.t.j.p.i.JtaPlatformInitiator       : HHH000490: Using JtaPlatform implementation: [org.hibernate.engine.transaction.jta.platform.internal.NoJtaPlatform]
2023-07-28T09:32:41.874+02:00  INFO 8128 --- [main] j.LocalContainerEntityManagerFactoryBean : Initialized JPA EntityManagerFactory for persistence unit 'default'
2023-07-28T09:32:42.431+02:00  WARN 8128 --- [main] JpaBaseConfiguration$JpaWebConfiguration : spring.jpa.open-in-view is enabled by default. Therefore, database queries may be performed during view rendering. Explicitly configure spring.jpa.open-in-view to disable this warning
2023-07-28T09:32:42.875+02:00  INFO 8128 --- [main] o.s.b.w.embedded.tomcat.TomcatWebServer  : Tomcat started on port(s): 8080 (http) with context path ''
2023-07-28T09:32:42.883+02:00  INFO 8128 --- [main] t.s.s.SeoWebAnalyzerApplicationKt        : Started SeoWebAnalyzerApplicationKt in 6.942 seconds (process running for 7.996)
2023-07-28T09:33:17.482+02:00  INFO 8128 --- [http-nio-8080-exec-2] o.a.c.c.C.[Tomcat].[localhost].[/]       : Initializing Spring DispatcherServlet 'dispatcherServlet'
2023-07-28T09:33:17.482+02:00  INFO 8128 --- [http-nio-8080-exec-2] o.s.web.servlet.DispatcherServlet        : Initializing Servlet 'dispatcherServlet'
2023-07-28T09:33:17.484+02:00  INFO 8128 --- [http-nio-8080-exec-2] o.s.web.servlet.DispatcherServlet        : Completed initialization in 2 ms
2023-07-28T10:20:31.653+02:00  INFO 8128 --- [SpringApplicationShutdownHook] j.LocalContainerEntityManagerFactoryBean : Closing JPA EntityManagerFactory for persistence unit 'default'
2023-07-28T10:20:31.655+02:00  INFO 8128 --- [SpringApplicationShutdownHook] com.zaxxer.hikari.HikariDataSource       : HikariPool-1 - Shutdown initiated...
2023-07-28T10:20:31.662+02:00  INFO 8128 --- [SpringApplicationShutdownHook] com.zaxxer.hikari.HikariDataSource       : HikariPool-1 - Shutdown completed.
2023-07-28T10:24:32.434+02:00  INFO 19156 --- [main] t.s.s.SeoWebAnalyzerApplicationKt        : Starting SeoWebAnalyzerApplicationKt using Java 20.0.1 with PID 19156 (C:\Users\tinat\OneDrive\Documentos\Panacea\seoWebAnalyzer\build\classes\kotlin\main started by tinat in C:\Users\tinat\OneDrive\Documentos\Panacea\seoWebAnalyzer)
2023-07-28T10:24:32.438+02:00  INFO 19156 --- [main] t.s.s.SeoWebAnalyzerApplicationKt        : No active profile set, falling back to 1 default profile: "default"
2023-07-28T10:24:33.771+02:00  INFO 19156 --- [main] .s.d.r.c.RepositoryConfigurationDelegate : Bootstrapping Spring Data JPA repositories in DEFAULT mode.
2023-07-28T10:24:33.901+02:00  INFO 19156 --- [main] .s.d.r.c.RepositoryConfigurationDelegate : Finished Spring Data repository scanning in 115 ms. Found 1 JPA repository interfaces.
2023-07-28T10:24:34.857+02:00  INFO 19156 --- [main] o.s.b.w.embedded.tomcat.TomcatWebServer  : Tomcat initialized with port(s): 8080 (http)
2023-07-28T10:24:34.869+02:00  INFO 19156 --- [main] o.apache.catalina.core.StandardService   : Starting service [Tomcat]
2023-07-28T10:24:34.870+02:00  INFO 19156 --- [main] o.apache.catalina.core.StandardEngine    : Starting Servlet engine: [Apache Tomcat/10.1.11]
2023-07-28T10:24:34.992+02:00  INFO 19156 --- [main] o.a.c.c.C.[Tomcat].[localhost].[/]       : Initializing Spring embedded WebApplicationContext
2023-07-28T10:24:34.993+02:00  INFO 19156 --- [main] w.s.c.ServletWebServerApplicationContext : Root WebApplicationContext: initialization completed in 2418 ms
2023-07-28T10:24:35.288+02:00  INFO 19156 --- [main] o.hibernate.jpa.internal.util.LogHelper  : HHH000204: Processing PersistenceUnitInfo [name: default]
2023-07-28T10:24:35.387+02:00  INFO 19156 --- [main] org.hibernate.Version                    : HHH000412: Hibernate ORM core version 6.2.6.Final
2023-07-28T10:24:35.390+02:00  INFO 19156 --- [main] org.hibernate.cfg.Environment            : HHH000406: Using bytecode reflection optimizer
2023-07-28T10:24:35.620+02:00  INFO 19156 --- [main] o.h.b.i.BytecodeProviderInitiator        : HHH000021: Bytecode provider name : bytebuddy
2023-07-28T10:24:35.836+02:00  INFO 19156 --- [main] o.s.o.j.p.SpringPersistenceUnitInfo      : No LoadTimeWeaver setup: ignoring JPA class transformer
2023-07-28T10:24:35.866+02:00  INFO 19156 --- [main] com.zaxxer.hikari.HikariDataSource       : HikariPool-1 - Starting...
2023-07-28T10:24:36.368+02:00  INFO 19156 --- [main] com.zaxxer.hikari.pool.HikariPool        : HikariPool-1 - Added connection com.mysql.cj.jdbc.ConnectionImpl@3302035b
2023-07-28T10:24:36.371+02:00  INFO 19156 --- [main] com.zaxxer.hikari.HikariDataSource       : HikariPool-1 - Start completed.
2023-07-28T10:24:36.433+02:00  WARN 19156 --- [main] org.hibernate.orm.deprecation            : HHH90000026: MySQL57Dialect has been deprecated; use org.hibernate.dialect.MySQLDialect instead
2023-07-28T10:24:36.789+02:00  INFO 19156 --- [main] o.h.b.i.BytecodeProviderInitiator        : HHH000021: Bytecode provider name : bytebuddy
2023-07-28T10:24:37.551+02:00  INFO 19156 --- [main] o.h.e.t.j.p.i.JtaPlatformInitiator       : HHH000490: Using JtaPlatform implementation: [org.hibernate.engine.transaction.jta.platform.internal.NoJtaPlatform]
2023-07-28T10:24:37.667+02:00  INFO 19156 --- [main] j.LocalContainerEntityManagerFactoryBean : Initialized JPA EntityManagerFactory for persistence unit 'default'
2023-07-28T10:24:38.225+02:00  WARN 19156 --- [main] JpaBaseConfiguration$JpaWebConfiguration : spring.jpa.open-in-view is enabled by default. Therefore, database queries may be performed during view rendering. Explicitly configure spring.jpa.open-in-view to disable this warning
2023-07-28T10:24:38.668+02:00  INFO 19156 --- [main] o.s.b.w.embedded.tomcat.TomcatWebServer  : Tomcat started on port(s): 8080 (http) with context path ''
2023-07-28T10:24:38.680+02:00  INFO 19156 --- [main] t.s.s.SeoWebAnalyzerApplicationKt        : Started SeoWebAnalyzerApplicationKt in 6.962 seconds (process running for 7.528)
2023-07-28T10:25:13.513+02:00  INFO 19156 --- [http-nio-8080-exec-1] o.a.c.c.C.[Tomcat].[localhost].[/]       : Initializing Spring DispatcherServlet 'dispatcherServlet'
2023-07-28T10:25:13.514+02:00  INFO 19156 --- [http-nio-8080-exec-1] o.s.web.servlet.DispatcherServlet        : Initializing Servlet 'dispatcherServlet'
2023-07-28T10:25:13.516+02:00  INFO 19156 --- [http-nio-8080-exec-1] o.s.web.servlet.DispatcherServlet        : Completed initialization in 2 ms
2023-07-28T10:26:20.287+02:00  INFO 19156 --- [SpringApplicationShutdownHook] j.LocalContainerEntityManagerFactoryBean : Closing JPA EntityManagerFactory for persistence unit 'default'
2023-07-28T10:26:20.290+02:00  INFO 19156 --- [SpringApplicationShutdownHook] com.zaxxer.hikari.HikariDataSource       : HikariPool-1 - Shutdown initiated...
2023-07-28T10:26:20.300+02:00  INFO 19156 --- [SpringApplicationShutdownHook] com.zaxxer.hikari.HikariDataSource       : HikariPool-1 - Shutdown completed.
2023-07-28T10:26:25.959+02:00  INFO 18620 --- [main] t.s.s.SeoWebAnalyzerApplicationKt        : Starting SeoWebAnalyzerApplicationKt using Java 20.0.1 with PID 18620 (C:\Users\tinat\OneDrive\Documentos\Panacea\seoWebAnalyzer\build\classes\kotlin\main started by tinat in C:\Users\tinat\OneDrive\Documentos\Panacea\seoWebAnalyzer)
2023-07-28T10:26:25.963+02:00  INFO 18620 --- [main] t.s.s.SeoWebAnalyzerApplicationKt        : No active profile set, falling back to 1 default profile: "default"
2023-07-28T10:26:27.090+02:00  INFO 18620 --- [main] .s.d.r.c.RepositoryConfigurationDelegate : Bootstrapping Spring Data JPA repositories in DEFAULT mode.
2023-07-28T10:26:27.190+02:00  INFO 18620 --- [main] .s.d.r.c.RepositoryConfigurationDelegate : Finished Spring Data repository scanning in 85 ms. Found 1 JPA repository interfaces.
2023-07-28T10:26:28.088+02:00  INFO 18620 --- [main] o.s.b.w.embedded.tomcat.TomcatWebServer  : Tomcat initialized with port(s): 8080 (http)
2023-07-28T10:26:28.102+02:00  INFO 18620 --- [main] o.apache.catalina.core.StandardService   : Starting service [Tomcat]
2023-07-28T10:26:28.102+02:00  INFO 18620 --- [main] o.apache.catalina.core.StandardEngine    : Starting Servlet engine: [Apache Tomcat/10.1.11]
2023-07-28T10:26:28.240+02:00  INFO 18620 --- [main] o.a.c.c.C.[Tomcat].[localhost].[/]       : Initializing Spring embedded WebApplicationContext
2023-07-28T10:26:28.241+02:00  INFO 18620 --- [main] w.s.c.ServletWebServerApplicationContext : Root WebApplicationContext: initialization completed in 2172 ms
2023-07-28T10:26:28.506+02:00  INFO 18620 --- [main] o.hibernate.jpa.internal.util.LogHelper  : HHH000204: Processing PersistenceUnitInfo [name: default]
2023-07-28T10:26:28.609+02:00  INFO 18620 --- [main] org.hibernate.Version                    : HHH000412: Hibernate ORM core version 6.2.6.Final
2023-07-28T10:26:28.612+02:00  INFO 18620 --- [main] org.hibernate.cfg.Environment            : HHH000406: Using bytecode reflection optimizer
2023-07-28T10:26:28.842+02:00  INFO 18620 --- [main] o.h.b.i.BytecodeProviderInitiator        : HHH000021: Bytecode provider name : bytebuddy
2023-07-28T10:26:29.043+02:00  INFO 18620 --- [main] o.s.o.j.p.SpringPersistenceUnitInfo      : No LoadTimeWeaver setup: ignoring JPA class transformer
2023-07-28T10:26:29.090+02:00  INFO 18620 --- [main] com.zaxxer.hikari.HikariDataSource       : HikariPool-1 - Starting...
2023-07-28T10:26:29.517+02:00  INFO 18620 --- [main] com.zaxxer.hikari.pool.HikariPool        : HikariPool-1 - Added connection com.mysql.cj.jdbc.ConnectionImpl@70f4f89e
2023-07-28T10:26:29.519+02:00  INFO 18620 --- [main] com.zaxxer.hikari.HikariDataSource       : HikariPool-1 - Start completed.
2023-07-28T10:26:29.585+02:00  WARN 18620 --- [main] org.hibernate.orm.deprecation            : HHH90000026: MySQL57Dialect has been deprecated; use org.hibernate.dialect.MySQLDialect instead
2023-07-28T10:26:29.969+02:00  INFO 18620 --- [main] o.h.b.i.BytecodeProviderInitiator        : HHH000021: Bytecode provider name : bytebuddy
2023-07-28T10:26:30.693+02:00  INFO 18620 --- [main] o.h.e.t.j.p.i.JtaPlatformInitiator       : HHH000490: Using JtaPlatform implementation: [org.hibernate.engine.transaction.jta.platform.internal.NoJtaPlatform]
2023-07-28T10:26:30.794+02:00  INFO 18620 --- [main] j.LocalContainerEntityManagerFactoryBean : Initialized JPA EntityManagerFactory for persistence unit 'default'
2023-07-28T10:26:31.325+02:00  WARN 18620 --- [main] JpaBaseConfiguration$JpaWebConfiguration : spring.jpa.open-in-view is enabled by default. Therefore, database queries may be performed during view rendering. Explicitly configure spring.jpa.open-in-view to disable this warning
2023-07-28T10:26:31.733+02:00  INFO 18620 --- [main] o.s.b.w.embedded.tomcat.TomcatWebServer  : Tomcat started on port(s): 8080 (http) with context path ''
2023-07-28T10:26:31.741+02:00  INFO 18620 --- [main] t.s.s.SeoWebAnalyzerApplicationKt        : Started SeoWebAnalyzerApplicationKt in 6.418 seconds (process running for 6.935)
2023-07-28T10:26:34.315+02:00  INFO 18620 --- [http-nio-8080-exec-1] o.a.c.c.C.[Tomcat].[localhost].[/]       : Initializing Spring DispatcherServlet 'dispatcherServlet'
2023-07-28T10:26:34.316+02:00  INFO 18620 --- [http-nio-8080-exec-1] o.s.web.servlet.DispatcherServlet        : Initializing Servlet 'dispatcherServlet'
2023-07-28T10:26:34.318+02:00  INFO 18620 --- [http-nio-8080-exec-1] o.s.web.servlet.DispatcherServlet        : Completed initialization in 2 ms
2023-07-28T10:32:08.876+02:00  INFO 18620 --- [http-nio-8080-exec-8] t.s.s.service.AnalysisServiceImpl        : Existing analysis found in the database for url: https://www.bbc.com
2023-07-28T10:34:26.948+02:00  INFO 18620 --- [SpringApplicationShutdownHook] j.LocalContainerEntityManagerFactoryBean : Closing JPA EntityManagerFactory for persistence unit 'default'
2023-07-28T10:34:26.950+02:00  INFO 18620 --- [SpringApplicationShutdownHook] com.zaxxer.hikari.HikariDataSource       : HikariPool-1 - Shutdown initiated...
2023-07-28T10:34:26.958+02:00  INFO 18620 --- [SpringApplicationShutdownHook] com.zaxxer.hikari.HikariDataSource       : HikariPool-1 - Shutdown completed.
2023-07-28T10:35:26.824+02:00  INFO 14492 --- [main] t.s.s.SeoWebAnalyzerApplicationKt        : Starting SeoWebAnalyzerApplicationKt using Java 20.0.1 with PID 14492 (C:\Users\tinat\OneDrive\Documentos\Panacea\seoWebAnalyzer\build\classes\kotlin\main started by tinat in C:\Users\tinat\OneDrive\Documentos\Panacea\seoWebAnalyzer)
2023-07-28T10:35:26.826+02:00  INFO 14492 --- [main] t.s.s.SeoWebAnalyzerApplicationKt        : No active profile set, falling back to 1 default profile: "default"
2023-07-28T10:35:27.975+02:00  INFO 14492 --- [main] .s.d.r.c.RepositoryConfigurationDelegate : Bootstrapping Spring Data JPA repositories in DEFAULT mode.
2023-07-28T10:35:28.062+02:00  INFO 14492 --- [main] .s.d.r.c.RepositoryConfigurationDelegate : Finished Spring Data repository scanning in 76 ms. Found 1 JPA repository interfaces.
2023-07-28T10:35:28.996+02:00  INFO 14492 --- [main] o.s.b.w.embedded.tomcat.TomcatWebServer  : Tomcat initialized with port(s): 8080 (http)
2023-07-28T10:35:29.012+02:00  INFO 14492 --- [main] o.apache.catalina.core.StandardService   : Starting service [Tomcat]
2023-07-28T10:35:29.012+02:00  INFO 14492 --- [main] o.apache.catalina.core.StandardEngine    : Starting Servlet engine: [Apache Tomcat/10.1.11]
2023-07-28T10:35:29.132+02:00  INFO 14492 --- [main] o.a.c.c.C.[Tomcat].[localhost].[/]       : Initializing Spring embedded WebApplicationContext
2023-07-28T10:35:29.133+02:00  INFO 14492 --- [main] w.s.c.ServletWebServerApplicationContext : Root WebApplicationContext: initialization completed in 2191 ms
2023-07-28T10:35:29.499+02:00  INFO 14492 --- [main] o.hibernate.jpa.internal.util.LogHelper  : HHH000204: Processing PersistenceUnitInfo [name: default]
2023-07-28T10:35:29.629+02:00  INFO 14492 --- [main] org.hibernate.Version                    : HHH000412: Hibernate ORM core version 6.2.6.Final
2023-07-28T10:35:29.633+02:00  INFO 14492 --- [main] org.hibernate.cfg.Environment            : HHH000406: Using bytecode reflection optimizer
2023-07-28T10:35:29.856+02:00  INFO 14492 --- [main] o.h.b.i.BytecodeProviderInitiator        : HHH000021: Bytecode provider name : bytebuddy
2023-07-28T10:35:30.105+02:00  INFO 14492 --- [main] o.s.o.j.p.SpringPersistenceUnitInfo      : No LoadTimeWeaver setup: ignoring JPA class transformer
2023-07-28T10:35:30.169+02:00  INFO 14492 --- [main] com.zaxxer.hikari.HikariDataSource       : HikariPool-1 - Starting...
2023-07-28T10:35:30.751+02:00  INFO 14492 --- [main] com.zaxxer.hikari.pool.HikariPool        : HikariPool-1 - Added connection com.mysql.cj.jdbc.ConnectionImpl@2ba9f986
2023-07-28T10:35:30.754+02:00  INFO 14492 --- [main] com.zaxxer.hikari.HikariDataSource       : HikariPool-1 - Start completed.
2023-07-28T10:35:30.823+02:00  WARN 14492 --- [main] org.hibernate.orm.deprecation            : HHH90000026: MySQL57Dialect has been deprecated; use org.hibernate.dialect.MySQLDialect instead
2023-07-28T10:35:31.242+02:00  INFO 14492 --- [main] o.h.b.i.BytecodeProviderInitiator        : HHH000021: Bytecode provider name : bytebuddy
2023-07-28T10:35:32.064+02:00  INFO 14492 --- [main] o.h.e.t.j.p.i.JtaPlatformInitiator       : HHH000490: Using JtaPlatform implementation: [org.hibernate.engine.transaction.jta.platform.internal.NoJtaPlatform]
2023-07-28T10:35:32.200+02:00  INFO 14492 --- [main] j.LocalContainerEntityManagerFactoryBean : Initialized JPA EntityManagerFactory for persistence unit 'default'
2023-07-28T10:35:32.833+02:00  WARN 14492 --- [main] JpaBaseConfiguration$JpaWebConfiguration : spring.jpa.open-in-view is enabled by default. Therefore, database queries may be performed during view rendering. Explicitly configure spring.jpa.open-in-view to disable this warning
2023-07-28T10:35:33.272+02:00  INFO 14492 --- [main] o.s.b.w.embedded.tomcat.TomcatWebServer  : Tomcat started on port(s): 8080 (http) with context path ''
2023-07-28T10:35:33.293+02:00  INFO 14492 --- [main] t.s.s.SeoWebAnalyzerApplicationKt        : Started SeoWebAnalyzerApplicationKt in 7.15 seconds (process running for 7.701)
2023-07-28T10:35:40.576+02:00  INFO 14492 --- [http-nio-8080-exec-3] o.a.c.c.C.[Tomcat].[localhost].[/]       : Initializing Spring DispatcherServlet 'dispatcherServlet'
2023-07-28T10:35:40.577+02:00  INFO 14492 --- [http-nio-8080-exec-3] o.s.web.servlet.DispatcherServlet        : Initializing Servlet 'dispatcherServlet'
2023-07-28T10:35:40.578+02:00  INFO 14492 --- [http-nio-8080-exec-3] o.s.web.servlet.DispatcherServlet        : Completed initialization in 1 ms
2023-07-28T10:35:40.725+02:00  INFO 14492 --- [http-nio-8080-exec-3] t.s.s.service.AnalysisServiceImpl        : Existing analysis found in the database for url: https://www.bbc.com
2023-07-28T10:47:05.737+02:00  INFO 14492 --- [http-nio-8080-exec-6] t.s.s.service.AnalysisServiceImpl        : No existing analysis found. Performing new analysis for url: https://www.stackoverflow.com
2023-07-28T11:00:00.090+02:00  INFO 14492 --- [http-nio-8080-exec-6] t.s.s.service.AnalysisServiceImpl        : Existing analysis found in the database for url: https://www.stackoverflow.com
2023-07-28T11:17:54.710+02:00  INFO 14492 --- [http-nio-8080-exec-10] t.s.s.service.AnalysisServiceImpl        : No existing analysis found. Performing new analysis for url: https://www.getmanfred.com/developer-career-report
2023-07-28T12:01:46.474+02:00  INFO 14492 --- [SpringApplicationShutdownHook] j.LocalContainerEntityManagerFactoryBean : Closing JPA EntityManagerFactory for persistence unit 'default'
2023-07-28T12:01:46.477+02:00  INFO 14492 --- [SpringApplicationShutdownHook] com.zaxxer.hikari.HikariDataSource       : HikariPool-1 - Shutdown initiated...
2023-07-28T12:01:46.483+02:00  INFO 14492 --- [SpringApplicationShutdownHook] com.zaxxer.hikari.HikariDataSource       : HikariPool-1 - Shutdown completed.
2023-07-28T12:02:22.778+02:00  INFO 24424 --- [main] t.s.s.SeoWebAnalyzerApplicationKt        : Starting SeoWebAnalyzerApplicationKt using Java 20.0.1 with PID 24424 (C:\Users\tinat\OneDrive\Documentos\Panacea\seoWebAnalyzer\build\classes\kotlin\main started by tinat in C:\Users\tinat\OneDrive\Documentos\Panacea\seoWebAnalyzer)
2023-07-28T12:02:22.781+02:00  INFO 24424 --- [main] t.s.s.SeoWebAnalyzerApplicationKt        : No active profile set, falling back to 1 default profile: "default"
2023-07-28T12:02:23.918+02:00  INFO 24424 --- [main] .s.d.r.c.RepositoryConfigurationDelegate : Bootstrapping Spring Data JPA repositories in DEFAULT mode.
2023-07-28T12:02:24.011+02:00  INFO 24424 --- [main] .s.d.r.c.RepositoryConfigurationDelegate : Finished Spring Data repository scanning in 78 ms. Found 1 JPA repository interfaces.
2023-07-28T12:02:24.930+02:00  INFO 24424 --- [main] o.s.b.w.embedded.tomcat.TomcatWebServer  : Tomcat initialized with port(s): 8080 (http)
2023-07-28T12:02:24.942+02:00  INFO 24424 --- [main] o.apache.catalina.core.StandardService   : Starting service [Tomcat]
2023-07-28T12:02:24.942+02:00  INFO 24424 --- [main] o.apache.catalina.core.StandardEngine    : Starting Servlet engine: [Apache Tomcat/10.1.11]
2023-07-28T12:02:25.080+02:00  INFO 24424 --- [main] o.a.c.c.C.[Tomcat].[localhost].[/]       : Initializing Spring embedded WebApplicationContext
2023-07-28T12:02:25.081+02:00  INFO 24424 --- [main] w.s.c.ServletWebServerApplicationContext : Root WebApplicationContext: initialization completed in 2200 ms
2023-07-28T12:02:25.357+02:00  INFO 24424 --- [main] o.hibernate.jpa.internal.util.LogHelper  : HHH000204: Processing PersistenceUnitInfo [name: default]
2023-07-28T12:02:25.451+02:00  INFO 24424 --- [main] org.hibernate.Version                    : HHH000412: Hibernate ORM core version 6.2.6.Final
2023-07-28T12:02:25.454+02:00  INFO 24424 --- [main] org.hibernate.cfg.Environment            : HHH000406: Using bytecode reflection optimizer
2023-07-28T12:02:25.653+02:00  INFO 24424 --- [main] o.h.b.i.BytecodeProviderInitiator        : HHH000021: Bytecode provider name : bytebuddy
2023-07-28T12:02:25.860+02:00  INFO 24424 --- [main] o.s.o.j.p.SpringPersistenceUnitInfo      : No LoadTimeWeaver setup: ignoring JPA class transformer
2023-07-28T12:02:25.894+02:00  INFO 24424 --- [main] com.zaxxer.hikari.HikariDataSource       : HikariPool-1 - Starting...
2023-07-28T12:02:26.376+02:00  INFO 24424 --- [main] com.zaxxer.hikari.pool.HikariPool        : HikariPool-1 - Added connection com.mysql.cj.jdbc.ConnectionImpl@5c5a91b4
2023-07-28T12:02:26.379+02:00  INFO 24424 --- [main] com.zaxxer.hikari.HikariDataSource       : HikariPool-1 - Start completed.
2023-07-28T12:02:26.447+02:00  WARN 24424 --- [main] org.hibernate.orm.deprecation            : HHH90000026: MySQL57Dialect has been deprecated; use org.hibernate.dialect.MySQLDialect instead
2023-07-28T12:02:26.814+02:00  INFO 24424 --- [main] o.h.b.i.BytecodeProviderInitiator        : HHH000021: Bytecode provider name : bytebuddy
2023-07-28T12:02:27.655+02:00  INFO 24424 --- [main] o.h.e.t.j.p.i.JtaPlatformInitiator       : HHH000490: Using JtaPlatform implementation: [org.hibernate.engine.transaction.jta.platform.internal.NoJtaPlatform]
2023-07-28T12:02:27.800+02:00  INFO 24424 --- [main] j.LocalContainerEntityManagerFactoryBean : Initialized JPA EntityManagerFactory for persistence unit 'default'
2023-07-28T12:02:28.642+02:00  WARN 24424 --- [main] JpaBaseConfiguration$JpaWebConfiguration : spring.jpa.open-in-view is enabled by default. Therefore, database queries may be performed during view rendering. Explicitly configure spring.jpa.open-in-view to disable this warning
2023-07-28T12:02:29.406+02:00  INFO 24424 --- [main] o.s.b.w.embedded.tomcat.TomcatWebServer  : Tomcat started on port(s): 8080 (http) with context path ''
2023-07-28T12:02:29.420+02:00  INFO 24424 --- [main] t.s.s.SeoWebAnalyzerApplicationKt        : Started SeoWebAnalyzerApplicationKt in 7.289 seconds (process running for 8.319)
2023-07-28T12:23:32.237+02:00  INFO 24424 --- [SpringApplicationShutdownHook] j.LocalContainerEntityManagerFactoryBean : Closing JPA EntityManagerFactory for persistence unit 'default'
2023-07-28T12:23:32.240+02:00  INFO 24424 --- [SpringApplicationShutdownHook] com.zaxxer.hikari.HikariDataSource       : HikariPool-1 - Shutdown initiated...
2023-07-28T12:23:32.269+02:00  INFO 24424 --- [SpringApplicationShutdownHook] com.zaxxer.hikari.HikariDataSource       : HikariPool-1 - Shutdown completed.
2023-07-28T12:28:55.436+02:00  INFO 25812 --- [main] t.s.s.SeoWebAnalyzerApplicationKt        : Starting SeoWebAnalyzerApplicationKt using Java 20.0.1 with PID 25812 (C:\Users\tinat\OneDrive\Documentos\Panacea\seoWebAnalyzer\build\classes\kotlin\main started by tinat in C:\Users\tinat\OneDrive\Documentos\Panacea\seoWebAnalyzer)
2023-07-28T12:28:55.440+02:00  INFO 25812 --- [main] t.s.s.SeoWebAnalyzerApplicationKt        : No active profile set, falling back to 1 default profile: "default"
2023-07-28T12:28:56.509+02:00  INFO 25812 --- [main] .s.d.r.c.RepositoryConfigurationDelegate : Bootstrapping Spring Data JPA repositories in DEFAULT mode.
2023-07-28T12:28:56.619+02:00  INFO 25812 --- [main] .s.d.r.c.RepositoryConfigurationDelegate : Finished Spring Data repository scanning in 93 ms. Found 1 JPA repository interfaces.
2023-07-28T12:28:57.617+02:00  INFO 25812 --- [main] o.s.b.w.embedded.tomcat.TomcatWebServer  : Tomcat initialized with port(s): 8080 (http)
2023-07-28T12:28:57.634+02:00  INFO 25812 --- [main] o.apache.catalina.core.StandardService   : Starting service [Tomcat]
2023-07-28T12:28:57.634+02:00  INFO 25812 --- [main] o.apache.catalina.core.StandardEngine    : Starting Servlet engine: [Apache Tomcat/10.1.11]
2023-07-28T12:28:57.789+02:00  INFO 25812 --- [main] o.a.c.c.C.[Tomcat].[localhost].[/]       : Initializing Spring embedded WebApplicationContext
2023-07-28T12:28:57.789+02:00  INFO 25812 --- [main] w.s.c.ServletWebServerApplicationContext : Root WebApplicationContext: initialization completed in 2250 ms
2023-07-28T12:28:58.091+02:00  INFO 25812 --- [main] o.hibernate.jpa.internal.util.LogHelper  : HHH000204: Processing PersistenceUnitInfo [name: default]
2023-07-28T12:28:58.220+02:00  INFO 25812 --- [main] org.hibernate.Version                    : HHH000412: Hibernate ORM core version 6.2.6.Final
2023-07-28T12:28:58.224+02:00  INFO 25812 --- [main] org.hibernate.cfg.Environment            : HHH000406: Using bytecode reflection optimizer
2023-07-28T12:28:58.485+02:00  INFO 25812 --- [main] o.h.b.i.BytecodeProviderInitiator        : HHH000021: Bytecode provider name : bytebuddy
2023-07-28T12:28:58.701+02:00  INFO 25812 --- [main] o.s.o.j.p.SpringPersistenceUnitInfo      : No LoadTimeWeaver setup: ignoring JPA class transformer
2023-07-28T12:28:58.736+02:00  INFO 25812 --- [main] com.zaxxer.hikari.HikariDataSource       : HikariPool-1 - Starting...
2023-07-28T12:28:59.201+02:00  INFO 25812 --- [main] com.zaxxer.hikari.pool.HikariPool        : HikariPool-1 - Added connection com.mysql.cj.jdbc.ConnectionImpl@4aa3fc9a
2023-07-28T12:28:59.204+02:00  INFO 25812 --- [main] com.zaxxer.hikari.HikariDataSource       : HikariPool-1 - Start completed.
2023-07-28T12:28:59.267+02:00  WARN 25812 --- [main] org.hibernate.orm.deprecation            : HHH90000026: MySQL57Dialect has been deprecated; use org.hibernate.dialect.MySQLDialect instead
2023-07-28T12:28:59.657+02:00  INFO 25812 --- [main] o.h.b.i.BytecodeProviderInitiator        : HHH000021: Bytecode provider name : bytebuddy
2023-07-28T12:29:00.376+02:00  INFO 25812 --- [main] o.h.e.t.j.p.i.JtaPlatformInitiator       : HHH000490: Using JtaPlatform implementation: [org.hibernate.engine.transaction.jta.platform.internal.NoJtaPlatform]
2023-07-28T12:29:00.487+02:00  INFO 25812 --- [main] j.LocalContainerEntityManagerFactoryBean : Initialized JPA EntityManagerFactory for persistence unit 'default'
2023-07-28T12:29:01.054+02:00  WARN 25812 --- [main] JpaBaseConfiguration$JpaWebConfiguration : spring.jpa.open-in-view is enabled by default. Therefore, database queries may be performed during view rendering. Explicitly configure spring.jpa.open-in-view to disable this warning
2023-07-28T12:29:01.617+02:00  INFO 25812 --- [main] o.s.b.w.embedded.tomcat.TomcatWebServer  : Tomcat started on port(s): 8080 (http) with context path ''
2023-07-28T12:29:01.630+02:00  INFO 25812 --- [main] t.s.s.SeoWebAnalyzerApplicationKt        : Started SeoWebAnalyzerApplicationKt in 6.87 seconds (process running for 7.847)
2023-07-28T12:29:12.223+02:00  INFO 25812 --- [http-nio-8080-exec-1] o.a.c.c.C.[Tomcat].[localhost].[/]       : Initializing Spring DispatcherServlet 'dispatcherServlet'
2023-07-28T12:29:12.224+02:00  INFO 25812 --- [http-nio-8080-exec-1] o.s.web.servlet.DispatcherServlet        : Initializing Servlet 'dispatcherServlet'
2023-07-28T12:29:12.226+02:00  INFO 25812 --- [http-nio-8080-exec-1] o.s.web.servlet.DispatcherServlet        : Completed initialization in 1 ms
2023-07-28T12:29:27.170+02:00  INFO 25812 --- [http-nio-8080-exec-3] t.s.s.service.AnalysisServiceImpl        : Existing analysis found in the database for url: https://www.bbc.com
2023-07-28T12:32:12.192+02:00  INFO 25812 --- [http-nio-8080-exec-6] t.s.s.service.AnalysisServiceImpl        : Existing analysis found in the database for url: https://www.bbc.com
2023-07-28T12:32:30.795+02:00  INFO 25812 --- [http-nio-8080-exec-8] t.s.s.service.AnalysisServiceImpl        : Existing analysis found in the database for url: https://www.stackoverflow.com
2023-07-28T12:33:06.035+02:00  INFO 25812 --- [http-nio-8080-exec-9] t.s.s.service.AnalysisServiceImpl        : No existing analysis found. Performing new analysis for url: https://circular.io/
2023-07-28T12:33:20.421+02:00  INFO 25812 --- [SpringApplicationShutdownHook] j.LocalContainerEntityManagerFactoryBean : Closing JPA EntityManagerFactory for persistence unit 'default'
2023-07-28T12:33:20.423+02:00  INFO 25812 --- [SpringApplicationShutdownHook] com.zaxxer.hikari.HikariDataSource       : HikariPool-1 - Shutdown initiated...
2023-07-28T12:33:20.431+02:00  INFO 25812 --- [SpringApplicationShutdownHook] com.zaxxer.hikari.HikariDataSource       : HikariPool-1 - Shutdown completed.
2023-07-28T13:09:09.537+02:00  INFO 7940 --- [main] t.s.s.SeoWebAnalyzerApplicationKt        : Starting SeoWebAnalyzerApplicationKt using Java 20.0.1 with PID 7940 (C:\Users\tinat\OneDrive\Documentos\Panacea\seoWebAnalyzer\build\classes\kotlin\main started by tinat in C:\Users\tinat\OneDrive\Documentos\Panacea\seoWebAnalyzer)
2023-07-28T13:09:09.541+02:00  INFO 7940 --- [main] t.s.s.SeoWebAnalyzerApplicationKt        : No active profile set, falling back to 1 default profile: "default"
2023-07-28T13:09:10.658+02:00  INFO 7940 --- [main] .s.d.r.c.RepositoryConfigurationDelegate : Bootstrapping Spring Data JPA repositories in DEFAULT mode.
2023-07-28T13:09:10.753+02:00  INFO 7940 --- [main] .s.d.r.c.RepositoryConfigurationDelegate : Finished Spring Data repository scanning in 84 ms. Found 1 JPA repository interfaces.
2023-07-28T13:09:11.622+02:00  INFO 7940 --- [main] o.s.b.w.embedded.tomcat.TomcatWebServer  : Tomcat initialized with port(s): 8080 (http)
2023-07-28T13:09:11.643+02:00  INFO 7940 --- [main] o.apache.catalina.core.StandardService   : Starting service [Tomcat]
2023-07-28T13:09:11.644+02:00  INFO 7940 --- [main] o.apache.catalina.core.StandardEngine    : Starting Servlet engine: [Apache Tomcat/10.1.11]
2023-07-28T13:09:11.777+02:00  INFO 7940 --- [main] o.a.c.c.C.[Tomcat].[localhost].[/]       : Initializing Spring embedded WebApplicationContext
2023-07-28T13:09:11.777+02:00  INFO 7940 --- [main] w.s.c.ServletWebServerApplicationContext : Root WebApplicationContext: initialization completed in 2133 ms
2023-07-28T13:09:12.057+02:00  INFO 7940 --- [main] o.hibernate.jpa.internal.util.LogHelper  : HHH000204: Processing PersistenceUnitInfo [name: default]
2023-07-28T13:09:12.158+02:00  INFO 7940 --- [main] org.hibernate.Version                    : HHH000412: Hibernate ORM core version 6.2.6.Final
2023-07-28T13:09:12.162+02:00  INFO 7940 --- [main] org.hibernate.cfg.Environment            : HHH000406: Using bytecode reflection optimizer
2023-07-28T13:09:12.380+02:00  INFO 7940 --- [main] o.h.b.i.BytecodeProviderInitiator        : HHH000021: Bytecode provider name : bytebuddy
2023-07-28T13:09:12.579+02:00  INFO 7940 --- [main] o.s.o.j.p.SpringPersistenceUnitInfo      : No LoadTimeWeaver setup: ignoring JPA class transformer
2023-07-28T13:09:12.611+02:00  INFO 7940 --- [main] com.zaxxer.hikari.HikariDataSource       : HikariPool-1 - Starting...
2023-07-28T13:09:13.070+02:00  INFO 7940 --- [main] com.zaxxer.hikari.pool.HikariPool        : HikariPool-1 - Added connection com.mysql.cj.jdbc.ConnectionImpl@750cd36d
2023-07-28T13:09:13.073+02:00  INFO 7940 --- [main] com.zaxxer.hikari.HikariDataSource       : HikariPool-1 - Start completed.
2023-07-28T13:09:13.146+02:00  WARN 7940 --- [main] org.hibernate.orm.deprecation            : HHH90000026: MySQL57Dialect has been deprecated; use org.hibernate.dialect.MySQLDialect instead
2023-07-28T13:09:13.557+02:00  INFO 7940 --- [main] o.h.b.i.BytecodeProviderInitiator        : HHH000021: Bytecode provider name : bytebuddy
2023-07-28T13:09:14.386+02:00  INFO 7940 --- [main] o.h.e.t.j.p.i.JtaPlatformInitiator       : HHH000490: Using JtaPlatform implementation: [org.hibernate.engine.transaction.jta.platform.internal.NoJtaPlatform]
2023-07-28T13:09:14.531+02:00  INFO 7940 --- [main] j.LocalContainerEntityManagerFactoryBean : Initialized JPA EntityManagerFactory for persistence unit 'default'
2023-07-28T13:09:15.040+02:00  WARN 7940 --- [main] JpaBaseConfiguration$JpaWebConfiguration : spring.jpa.open-in-view is enabled by default. Therefore, database queries may be performed during view rendering. Explicitly configure spring.jpa.open-in-view to disable this warning
2023-07-28T13:09:15.454+02:00  INFO 7940 --- [main] o.s.b.w.embedded.tomcat.TomcatWebServer  : Tomcat started on port(s): 8080 (http) with context path ''
2023-07-28T13:09:15.465+02:00  INFO 7940 --- [main] t.s.s.SeoWebAnalyzerApplicationKt        : Started SeoWebAnalyzerApplicationKt in 6.606 seconds (process running for 7.141)
2023-07-28T13:09:19.341+02:00  INFO 7940 --- [http-nio-8080-exec-1] o.a.c.c.C.[Tomcat].[localhost].[/]       : Initializing Spring DispatcherServlet 'dispatcherServlet'
2023-07-28T13:09:19.341+02:00  INFO 7940 --- [http-nio-8080-exec-1] o.s.web.servlet.DispatcherServlet        : Initializing Servlet 'dispatcherServlet'
2023-07-28T13:09:19.344+02:00  INFO 7940 --- [http-nio-8080-exec-1] o.s.web.servlet.DispatcherServlet        : Completed initialization in 3 ms
2023-07-28T13:09:30.925+02:00  INFO 7940 --- [http-nio-8080-exec-3] t.s.s.service.AnalysisServiceImpl        : Existing analysis found in the database for url: https://circular.io/
2023-07-28T13:10:07.902+02:00  INFO 7940 --- [http-nio-8080-exec-5] t.s.s.service.AnalysisServiceImpl        : No existing analysis found. Performing new analysis for url: https://www.amazon.es/
2023-07-28T13:27:36.894+02:00  INFO 7940 --- [http-nio-8080-exec-3] t.s.s.service.AnalysisServiceImpl        : Existing analysis found in the database for url: https://www.amazon.es/
2023-07-28T13:31:47.796+02:00  INFO 7940 --- [http-nio-8080-exec-9] t.s.s.service.AnalysisServiceImpl        : Existing analysis found in the database for url: https://www.amazon.es/
2023-07-28T13:33:20.802+02:00  INFO 7940 --- [http-nio-8080-exec-4] t.s.s.service.AnalysisServiceImpl        : Existing analysis found in the database for url: https://www.amazon.es/
2023-07-28T13:34:35.995+02:00  INFO 7940 --- [http-nio-8080-exec-9] t.s.s.service.AnalysisServiceImpl        : Existing analysis found in the database for url: https://www.rtve.es
2023-07-28T13:37:22.968+02:00  INFO 7940 --- [http-nio-8080-exec-6] t.s.s.service.AnalysisServiceImpl        : Existing analysis found in the database for url: https://www.amazon.es/
2023-07-28T13:46:44.833+02:00  INFO 7940 --- [http-nio-8080-exec-3] t.s.s.service.AnalysisServiceImpl        : Existing analysis found in the database for url: https://www.amazon.es/
2023-07-28T13:52:17.698+02:00  INFO 7940 --- [http-nio-8080-exec-10] t.s.s.service.AnalysisServiceImpl        : Existing analysis found in the database for url: https://www.amazon.es/
2023-07-28T13:54:29.245+02:00  INFO 7940 --- [http-nio-8080-exec-5] t.s.s.service.AnalysisServiceImpl        : Existing analysis found in the database for url: https://www.amazon.es/
2023-07-28T13:55:08.177+02:00  INFO 7940 --- [http-nio-8080-exec-8] t.s.s.service.AnalysisServiceImpl        : Existing analysis found in the database for url: https://www.amazon.es/
2023-07-28T13:55:41.875+02:00  INFO 7940 --- [http-nio-8080-exec-1] t.s.s.service.AnalysisServiceImpl        : Existing analysis found in the database for url: https://www.amazon.es/
2023-07-28T13:56:19.607+02:00  INFO 7940 --- [http-nio-8080-exec-5] t.s.s.service.AnalysisServiceImpl        : Existing analysis found in the database for url: https://www.amazon.es/
2023-07-28T13:56:38.051+02:00  INFO 7940 --- [http-nio-8080-exec-8] t.s.s.service.AnalysisServiceImpl        : Existing analysis found in the database for url: https://www.amazon.es/
2023-07-28T13:58:08.098+02:00  INFO 7940 --- [http-nio-8080-exec-4] t.s.s.service.AnalysisServiceImpl        : Existing analysis found in the database for url: https://www.amazon.es/
2023-07-28T14:01:27.409+02:00  INFO 7940 --- [http-nio-8080-exec-8] t.s.s.service.AnalysisServiceImpl        : Existing analysis found in the database for url: https://www.amazon.es/
2023-07-28T14:02:07.323+02:00  INFO 7940 --- [http-nio-8080-exec-3] t.s.s.service.AnalysisServiceImpl        : Existing analysis found in the database for url: https://www.amazon.es/
2023-07-28T14:13:19.360+02:00  INFO 7940 --- [http-nio-8080-exec-8] t.s.s.service.AnalysisServiceImpl        : Existing analysis found in the database for url: https://www.amazon.es/
2023-07-28T14:17:25.694+02:00  INFO 7940 --- [http-nio-8080-exec-4] t.s.s.service.AnalysisServiceImpl        : Existing analysis found in the database for url: https://www.amazon.es/
2023-07-28T14:25:33.937+02:00  INFO 7940 --- [http-nio-8080-exec-8] t.s.s.service.AnalysisServiceImpl        : Existing analysis found in the database for url: https://www.bbc.com
2023-07-28T14:26:10.185+02:00  INFO 7940 --- [http-nio-8080-exec-1] t.s.s.service.AnalysisServiceImpl        : Existing analysis found in the database for url: https://www.rtve.es
2023-07-28T14:29:49.026+02:00  INFO 7940 --- [http-nio-8080-exec-6] t.s.s.service.AnalysisServiceImpl        : Existing analysis found in the database for url: https://www.rtve.es
2023-07-28T14:30:05.767+02:00  INFO 7940 --- [http-nio-8080-exec-8] t.s.s.service.AnalysisServiceImpl        : Existing analysis found in the database for url: https://www.bbc.com
2023-07-28T14:30:15.625+02:00  INFO 7940 --- [http-nio-8080-exec-10] t.s.s.service.AnalysisServiceImpl        : Existing analysis found in the database for url: https://www.getmanfred.com/developer-career-report
2023-07-28T14:30:24.157+02:00  INFO 7940 --- [http-nio-8080-exec-2] t.s.s.service.AnalysisServiceImpl        : Existing analysis found in the database for url: https://www.stackoverflow.com
2023-07-28T14:30:43.514+02:00  INFO 7940 --- [http-nio-8080-exec-4] t.s.s.service.AnalysisServiceImpl        : Existing analysis found in the database for url: http://www.urjc.es
2023-07-28T14:31:04.669+02:00  INFO 7940 --- [http-nio-8080-exec-6] t.s.s.service.AnalysisServiceImpl        : No existing analysis found. Performing new analysis for url: https://www.deepl.com/translator
2023-07-28T14:35:06.671+02:00  INFO 7940 --- [http-nio-8080-exec-3] t.s.s.service.AnalysisServiceImpl        : No existing analysis found. Performing new analysis for url: https://colorhunt.co/
2023-07-28T15:16:45.189+02:00  WARN 7940 --- [HikariPool-1 housekeeper] com.zaxxer.hikari.pool.HikariPool        : HikariPool-1 - Thread starvation or clock leap detected (housekeeper delta=7m30s185ms527µs300ns).
2023-07-28T15:35:00.275+02:00  INFO 7940 --- [http-nio-8080-exec-5] t.s.s.service.AnalysisServiceImpl        : No existing analysis found. Performing new analysis for url: https://www.amazon.es/
2023-07-28T15:41:45.534+02:00  INFO 7940 --- [http-nio-8080-exec-6] t.s.s.service.AnalysisServiceImpl        : No existing analysis found. Performing new analysis for url: https://www.deepl.com/translator
2023-07-28T15:42:25.829+02:00  INFO 7940 --- [http-nio-8080-exec-2] t.s.s.service.AnalysisServiceImpl        : No existing analysis found. Performing new analysis for url: https://www.deepl.com/translator
2023-07-28T15:46:57.286+02:00  INFO 7940 --- [http-nio-8080-exec-2] t.s.s.service.AnalysisServiceImpl        : No existing analysis found. Performing new analysis for url: https://www.deepl.com/translator
2023-07-28T15:48:35.623+02:00  INFO 7940 --- [http-nio-8080-exec-6] t.s.s.service.AnalysisServiceImpl        : No existing analysis found. Performing new analysis for url: https://refactoring.guru/es/design-patterns
2023-07-28T15:54:32.525+02:00  INFO 7940 --- [http-nio-8080-exec-8] t.s.s.service.AnalysisServiceImpl        : Existing analysis found in the database for url: https://refactoring.guru/es/design-patterns
2023-07-28T16:04:55.325+02:00  INFO 7940 --- [http-nio-8080-exec-10] t.s.s.service.AnalysisServiceImpl        : Existing analysis found in the database for url: https://www.rtve.es
2023-07-28T16:04:59.814+02:00  INFO 7940 --- [http-nio-8080-exec-4] t.s.s.service.AnalysisServiceImpl        : Existing analysis found in the database for url: http://www.urjc.es
2023-07-28T16:05:03.213+02:00  INFO 7940 --- [http-nio-8080-exec-2] t.s.s.service.AnalysisServiceImpl        : Existing analysis found in the database for url: https://www.bbc.com
2023-07-28T16:05:05.796+02:00  INFO 7940 --- [http-nio-8080-exec-5] t.s.s.service.AnalysisServiceImpl        : Existing analysis found in the database for url: https://www.amazon.es/
2023-07-28T16:05:07.564+02:00  INFO 7940 --- [http-nio-8080-exec-7] t.s.s.service.AnalysisServiceImpl        : Existing analysis found in the database for url: https://www.deepl.com/translator
2023-07-28T16:05:09.949+02:00  INFO 7940 --- [http-nio-8080-exec-8] t.s.s.service.AnalysisServiceImpl        : Existing analysis found in the database for url: https://refactoring.guru/es/design-patterns
2023-07-28T16:05:13.264+02:00  INFO 7940 --- [http-nio-8080-exec-9] t.s.s.service.AnalysisServiceImpl        : Existing analysis found in the database for url: https://www.deepl.com/translator
2023-07-28T16:05:15.858+02:00  INFO 7940 --- [http-nio-8080-exec-6] t.s.s.service.AnalysisServiceImpl        : Existing analysis found in the database for url: https://www.amazon.es/
2023-07-28T16:05:18.010+02:00  INFO 7940 --- [http-nio-8080-exec-1] t.s.s.service.AnalysisServiceImpl        : Existing analysis found in the database for url: https://www.bbc.com
2023-07-28T16:05:38.740+02:00  INFO 7940 --- [http-nio-8080-exec-4] t.s.s.service.AnalysisServiceImpl        : Existing analysis found in the database for url: https://www.rtve.es
2023-07-28T16:05:47.579+02:00  INFO 7940 --- [http-nio-8080-exec-3] t.s.s.service.AnalysisServiceImpl        : Existing analysis found in the database for url: http://www.urjc.es
2023-07-28T16:06:12.550+02:00  INFO 7940 --- [http-nio-8080-exec-7] t.s.s.service.AnalysisServiceImpl        : Existing analysis found in the database for url: https://www.rtve.es
2023-07-28T16:06:13.480+02:00  INFO 7940 --- [http-nio-8080-exec-8] t.s.s.service.AnalysisServiceImpl        : Existing analysis found in the database for url: https://www.rtve.es
2023-07-28T16:06:15.916+02:00  INFO 7940 --- [http-nio-8080-exec-9] t.s.s.service.AnalysisServiceImpl        : Existing analysis found in the database for url: http://www.urjc.es
2023-07-28T16:07:33.743+02:00  INFO 7940 --- [http-nio-8080-exec-10] t.s.s.service.AnalysisServiceImpl        : Existing analysis found in the database for url: https://www.rtve.es
2023-07-28T16:07:34.805+02:00  INFO 7940 --- [http-nio-8080-exec-4] t.s.s.service.AnalysisServiceImpl        : Existing analysis found in the database for url: http://www.urjc.es
2023-07-28T16:07:35.435+02:00  INFO 7940 --- [http-nio-8080-exec-3] t.s.s.service.AnalysisServiceImpl        : Existing analysis found in the database for url: https://www.bbc.com
2023-07-28T16:07:36.105+02:00  INFO 7940 --- [http-nio-8080-exec-2] t.s.s.service.AnalysisServiceImpl        : Existing analysis found in the database for url: https://www.stackoverflow.com
2023-07-28T16:13:01.389+02:00  INFO 7940 --- [http-nio-8080-exec-7] t.s.s.service.AnalysisServiceImpl        : No existing analysis found. Performing new analysis for url: https://www.getmanfred.com/developer-career-report
2023-07-28T16:21:50.396+02:00  INFO 7940 --- [http-nio-8080-exec-2] t.s.s.service.AnalysisServiceImpl        : No existing analysis found. Performing new analysis for url: https://www.youtube.com/
2023-07-28T16:24:30.988+02:00  INFO 7940 --- [http-nio-8080-exec-9] t.s.s.service.AnalysisServiceImpl        : No existing analysis found. Performing new analysis for url: https://simlish4.com/
2023-07-28T16:24:39.675+02:00  INFO 7940 --- [http-nio-8080-exec-1] t.s.s.service.AnalysisServiceImpl        : Existing analysis found in the database for url: https://www.bbc.com
2023-07-28T16:24:44.038+02:00  INFO 7940 --- [http-nio-8080-exec-10] t.s.s.service.AnalysisServiceImpl        : Existing analysis found in the database for url: https://www.rtve.es
2023-07-28T16:25:00.973+02:00  INFO 7940 --- [http-nio-8080-exec-4] t.s.s.service.AnalysisServiceImpl        : Existing analysis found in the database for url: https://simlish4.com/
2023-07-28T16:38:45.571+02:00  INFO 7940 --- [http-nio-8080-exec-1] t.s.s.service.AnalysisServiceImpl        : Existing analysis found in the database for url: https://simlish4.com/
2023-07-28T16:38:55.298+02:00  INFO 7940 --- [http-nio-8080-exec-4] t.s.s.service.AnalysisServiceImpl        : Existing analysis found in the database for url: https://www.youtube.com/
2023-07-28T16:38:59.916+02:00  INFO 7940 --- [http-nio-8080-exec-5] t.s.s.service.AnalysisServiceImpl        : Existing analysis found in the database for url: https://www.amazon.es/
2023-07-28T16:39:03.434+02:00  INFO 7940 --- [http-nio-8080-exec-8] t.s.s.service.AnalysisServiceImpl        : Existing analysis found in the database for url: https://www.bbc.com
2023-07-28T16:39:07.384+02:00  INFO 7940 --- [http-nio-8080-exec-9] t.s.s.service.AnalysisServiceImpl        : Existing analysis found in the database for url: https://www.deepl.com/translator
2023-07-28T16:39:25.385+02:00  INFO 7940 --- [http-nio-8080-exec-1] t.s.s.service.AnalysisServiceImpl        : Existing analysis found in the database for url: https://refactoring.guru/es/design-patterns
2023-07-28T16:39:32.485+02:00  INFO 7940 --- [http-nio-8080-exec-4] t.s.s.service.AnalysisServiceImpl        : Existing analysis found in the database for url: http://www.urjc.es
2023-07-28T16:47:04.130+02:00  INFO 7940 --- [http-nio-8080-exec-2] t.s.s.service.AnalysisServiceImpl        : Existing analysis found in the database for url: https://www.getmanfred.com/developer-career-report
2023-07-28T16:47:09.310+02:00  INFO 7940 --- [http-nio-8080-exec-7] t.s.s.service.AnalysisServiceImpl        : Existing analysis found in the database for url: https://www.rtve.es
2023-07-28T16:50:31.098+02:00  INFO 7940 --- [SpringApplicationShutdownHook] j.LocalContainerEntityManagerFactoryBean : Closing JPA EntityManagerFactory for persistence unit 'default'
2023-07-28T16:50:31.104+02:00  INFO 7940 --- [SpringApplicationShutdownHook] com.zaxxer.hikari.HikariDataSource       : HikariPool-1 - Shutdown initiated...
2023-07-28T16:50:31.108+02:00  INFO 7940 --- [SpringApplicationShutdownHook] com.zaxxer.hikari.HikariDataSource       : HikariPool-1 - Shutdown completed.
2023-07-28T17:23:30.786+02:00  INFO 17924 --- [main] t.s.s.SeoWebAnalyzerApplicationKt        : Starting SeoWebAnalyzerApplicationKt using Java 20.0.1 with PID 17924 (C:\Users\tinat\OneDrive\Documentos\Panacea\seoWebAnalyzer\build\classes\kotlin\main started by tinat in C:\Users\tinat\OneDrive\Documentos\Panacea\seoWebAnalyzer)
2023-07-28T17:23:30.789+02:00  INFO 17924 --- [main] t.s.s.SeoWebAnalyzerApplicationKt        : No active profile set, falling back to 1 default profile: "default"
2023-07-28T17:23:32.057+02:00  INFO 17924 --- [main] .s.d.r.c.RepositoryConfigurationDelegate : Bootstrapping Spring Data JPA repositories in DEFAULT mode.
2023-07-28T17:23:32.151+02:00  INFO 17924 --- [main] .s.d.r.c.RepositoryConfigurationDelegate : Finished Spring Data repository scanning in 79 ms. Found 1 JPA repository interfaces.
2023-07-28T17:23:33.062+02:00  INFO 17924 --- [main] o.s.b.w.embedded.tomcat.TomcatWebServer  : Tomcat initialized with port(s): 8080 (http)
2023-07-28T17:23:33.074+02:00  INFO 17924 --- [main] o.apache.catalina.core.StandardService   : Starting service [Tomcat]
2023-07-28T17:23:33.074+02:00  INFO 17924 --- [main] o.apache.catalina.core.StandardEngine    : Starting Servlet engine: [Apache Tomcat/10.1.11]
2023-07-28T17:23:33.220+02:00  INFO 17924 --- [main] o.a.c.c.C.[Tomcat].[localhost].[/]       : Initializing Spring embedded WebApplicationContext
2023-07-28T17:23:33.220+02:00  INFO 17924 --- [main] w.s.c.ServletWebServerApplicationContext : Root WebApplicationContext: initialization completed in 2320 ms
2023-07-28T17:23:33.475+02:00  INFO 17924 --- [main] o.hibernate.jpa.internal.util.LogHelper  : HHH000204: Processing PersistenceUnitInfo [name: default]
2023-07-28T17:23:33.580+02:00  INFO 17924 --- [main] org.hibernate.Version                    : HHH000412: Hibernate ORM core version 6.2.6.Final
2023-07-28T17:23:33.583+02:00  INFO 17924 --- [main] org.hibernate.cfg.Environment            : HHH000406: Using bytecode reflection optimizer
2023-07-28T17:23:33.828+02:00  INFO 17924 --- [main] o.h.b.i.BytecodeProviderInitiator        : HHH000021: Bytecode provider name : bytebuddy
2023-07-28T17:23:34.014+02:00  INFO 17924 --- [main] o.s.o.j.p.SpringPersistenceUnitInfo      : No LoadTimeWeaver setup: ignoring JPA class transformer
2023-07-28T17:23:34.041+02:00  INFO 17924 --- [main] com.zaxxer.hikari.HikariDataSource       : HikariPool-1 - Starting...
2023-07-28T17:23:34.513+02:00  INFO 17924 --- [main] com.zaxxer.hikari.pool.HikariPool        : HikariPool-1 - Added connection com.mysql.cj.jdbc.ConnectionImpl@64c8fcfb
2023-07-28T17:23:34.515+02:00  INFO 17924 --- [main] com.zaxxer.hikari.HikariDataSource       : HikariPool-1 - Start completed.
2023-07-28T17:23:34.585+02:00  WARN 17924 --- [main] org.hibernate.orm.deprecation            : HHH90000026: MySQL57Dialect has been deprecated; use org.hibernate.dialect.MySQLDialect instead
2023-07-28T17:23:34.986+02:00  INFO 17924 --- [main] o.h.b.i.BytecodeProviderInitiator        : HHH000021: Bytecode provider name : bytebuddy
2023-07-28T17:23:35.840+02:00  INFO 17924 --- [main] o.h.e.t.j.p.i.JtaPlatformInitiator       : HHH000490: Using JtaPlatform implementation: [org.hibernate.engine.transaction.jta.platform.internal.NoJtaPlatform]
2023-07-28T17:23:35.959+02:00  INFO 17924 --- [main] j.LocalContainerEntityManagerFactoryBean : Initialized JPA EntityManagerFactory for persistence unit 'default'
2023-07-28T17:23:36.482+02:00  WARN 17924 --- [main] JpaBaseConfiguration$JpaWebConfiguration : spring.jpa.open-in-view is enabled by default. Therefore, database queries may be performed during view rendering. Explicitly configure spring.jpa.open-in-view to disable this warning
2023-07-28T17:23:36.923+02:00  INFO 17924 --- [main] o.s.b.w.embedded.tomcat.TomcatWebServer  : Tomcat started on port(s): 8080 (http) with context path ''
2023-07-28T17:23:36.933+02:00  INFO 17924 --- [main] t.s.s.SeoWebAnalyzerApplicationKt        : Started SeoWebAnalyzerApplicationKt in 6.817 seconds (process running for 7.373)
